[debug] [2022-06-01T09:55:53.498Z] ----------------------------------------------------------------------
[debug] [2022-06-01T09:55:53.504Z] Command:       C:\Program Files\nodejs\node.exe C:\Users\ACER A315-41\AppData\Roaming\npm\node_modules\firebase-tools\lib\bin\firebase.js serve
[debug] [2022-06-01T09:55:53.505Z] CLI Version:   11.0.1
[debug] [2022-06-01T09:55:53.506Z] Platform:      win32
[debug] [2022-06-01T09:55:53.506Z] Node Version:  v16.15.0
[debug] [2022-06-01T09:55:53.509Z] Time:          Wed Jun 01 2022 16:55:53 GMT+0700 (Western Indonesia Time)
[debug] [2022-06-01T09:55:53.509Z] ----------------------------------------------------------------------
[debug] 
[debug] [2022-06-01T09:55:53.684Z] > command requires scopes: ["email","openid","https://www.googleapis.com/auth/cloudplatformprojects.readonly","https://www.googleapis.com/auth/firebase","https://www.googleapis.com/auth/cloud-platform"]
[debug] [2022-06-01T09:55:53.685Z] > authorizing via signed-in user (putrialivia666@gmail.com)
[debug] [2022-06-01T09:55:53.686Z] [iam] checking project fir-login-livia for permissions ["firebase.projects.get"]
[debug] [2022-06-01T09:55:53.692Z] >>> [apiv2][query] POST https://cloudresourcemanager.googleapis.com/v1/projects/fir-login-livia:testIamPermissions [none]
[debug] [2022-06-01T09:55:53.693Z] >>> [apiv2][body] POST https://cloudresourcemanager.googleapis.com/v1/projects/fir-login-livia:testIamPermissions {"permissions":["firebase.projects.get"]}
[debug] [2022-06-01T09:55:54.913Z] <<< [apiv2][status] POST https://cloudresourcemanager.googleapis.com/v1/projects/fir-login-livia:testIamPermissions 200
[debug] [2022-06-01T09:55:54.914Z] <<< [apiv2][body] POST https://cloudresourcemanager.googleapis.com/v1/projects/fir-login-livia:testIamPermissions {"permissions":["firebase.projects.get"]}
[debug] [2022-06-01T09:55:54.916Z] >>> [apiv2][query] GET https://firebase.googleapis.com/v1beta1/projects/fir-login-livia [none]
[debug] [2022-06-01T09:55:55.454Z] <<< [apiv2][status] GET https://firebase.googleapis.com/v1beta1/projects/fir-login-livia 200
[debug] [2022-06-01T09:55:55.454Z] <<< [apiv2][body] GET https://firebase.googleapis.com/v1beta1/projects/fir-login-livia {"projectId":"fir-login-livia","projectNumber":"247378590867","displayName":"FIREBASE-LOGIN-LIVIA","name":"projects/fir-login-livia","resources":{"hostingSite":"fir-login-livia","storageBucket":"fir-login-livia.appspot.com","locationId":"us-central"},"state":"ACTIVE"}
[info] 
[info] === Serving from 'E:\SMT6\FRAMEWORK\Modul 11\firebase-login-livia'...
[info] 
[debug] [2022-06-01T09:55:55.463Z] >>> [apiv2][query] GET https://firebasehosting.googleapis.com/v1beta1/projects/fir-login-livia/sites 
[debug] [2022-06-01T09:55:57.149Z] <<< [apiv2][status] GET https://firebasehosting.googleapis.com/v1beta1/projects/fir-login-livia/sites 200
[debug] [2022-06-01T09:55:57.149Z] <<< [apiv2][body] GET https://firebasehosting.googleapis.com/v1beta1/projects/fir-login-livia/sites {"sites":[{"name":"projects/fir-login-livia/sites/fir-login-livia","defaultUrl":"https://fir-login-livia.web.app","type":"DEFAULT_SITE"}]}
[debug] [2022-06-01T09:55:57.150Z] >>> [apiv2][query] GET https://firebase.googleapis.com/v1beta1/projects/fir-login-livia/webApps/-/config [none]
[debug] [2022-06-01T09:55:58.179Z] <<< [apiv2][status] GET https://firebase.googleapis.com/v1beta1/projects/fir-login-livia/webApps/-/config 200
[debug] [2022-06-01T09:55:58.179Z] <<< [apiv2][body] GET https://firebase.googleapis.com/v1beta1/projects/fir-login-livia/webApps/-/config {"projectId":"fir-login-livia","storageBucket":"fir-login-livia.appspot.com","locationId":"us-central","apiKey":"AIzaSyAe9vZz86tcUurpU43N-00OaTn3huXDnzE","authDomain":"fir-login-livia.firebaseapp.com","messagingSenderId":"247378590867"}
[info] i  hosting: Serving hosting files from: y {"metadata":{"emulator":{"name":"hosting"},"message":"Serving hosting files from: \u001b[1my\u001b[22m"}}
[info] +  hosting: Local server: http://localhost:5000 {"metadata":{"emulator":{"name":"hosting"},"message":"Local server: \u001b[4m\u001b[1mhttp://localhost:5000\u001b[22m\u001b[24m"}}
